2021-03-21 21:16:23,741] [demo.py][line:35][DEBUG] debug
2021-03-21 21:16:23,744] [demo.py][line:36][INFO] info
2021-03-21 21:16:23,744] [demo.py][line:37][WARNING] 警告
2021-03-21 21:16:23,744] [demo.py][line:38][ERROR] 报错
2021-03-21 21:16:23,744] [demo.py][line:39][CRITICAL] 严重
2021-03-21 21:17:43,151] [demo.py][line:35][DEBUG] debug
2021-03-21 21:17:43,151] [demo.py][line:36][INFO] info
2021-03-21 21:17:43,152] [demo.py][line:37][WARNING] 警告
2021-03-21 21:17:43,152] [demo.py][line:38][ERROR] 报错
2021-03-21 21:17:43,152] [demo.py][line:39][CRITICAL] 严重
2021-03-21 21:19:27,629] [demo.py][line:35][DEBUG] debug
2021-03-21 21:19:27,629] [demo.py][line:36][INFO] info
2021-03-21 21:19:27,629] [demo.py][line:37][WARNING] 警告
2021-03-21 21:19:27,630] [demo.py][line:38][ERROR] 报错
2021-03-21 21:19:27,630] [demo.py][line:39][CRITICAL] 严重
2021-03-21 21:20:05,062] [demo.py][line:35][DEBUG] debug
2021-03-21 21:20:05,062] [demo.py][line:36][INFO] info
2021-03-21 21:20:05,062] [demo.py][line:37][WARNING] 警告
2021-03-21 21:20:05,062] [demo.py][line:38][ERROR] 报错
2021-03-21 21:20:05,062] [demo.py][line:39][CRITICAL] 严重
